I55TVA8BQIDxvjJ4vCvXDTEpJi8MvYqteHM4y5ynfisuLd4+n1lSKSiInJy3AQxO5bE6SBNdvYEWBRyMcsQfEJos71KMACuSdZXrSFtHaTlbcQ91oyg=
5f/xzOmo3WIAd0ezSP8dvSDm4Rsp5Zij+KuceZo867ifRNXt+/zDcG0uPPoO7nttX0Pl81EdQzy0RHCv3qAmtQx9b2AdZNO6YliT8nb5IuAeN/T/Xq6r90oiTWFCxLKi+L1PIwuhBjJf1YolmCTE8NZtFGJVfSKEk5GlTaYpBOASqEe8KiA33kwM8x5FubMkOyvxlWu9l7mj5A==
Pb2wtZi+wDVEMQ5DMt1soEKSXQYpuOVzM43z65GmA8+Zn5z7RHM7OPv4uPKZQbRAuQ+86FLsWbqLrwx+bRn4dJ/zyDcKomSqQzqZ/QOWFRF1/MXxydFkbTfjqjt6h1hhQqMd
vOA650R8lGA5vVk1yF/4yQSCvpQBYmeWjCoXscJHPgJsVW3J2sTxVRiz3o+JPxqd8gbTfL4Of1KjkhKie6gspsfAzUuvgosxtRsznztvoy4=
sslTTB7myVENQhY1rSzIDhHwceNAc3KpuDEXxJ2rN7XGfkhz0iuOF6vpST6fdbfTxxWDee45BfPY79APsiVgoz8=
qXbvaHhhVxh7AkC2bZpxjHy6L9sspJ5MM8xP8hQ2P483ONO8uvtwToXvCIjFhBphqUtj10HCEynwDAYnDBPsejBNehUf9cW0SjKJA9LPuaptEZCCUzZTcEYVIaxpnpsqDUTISj7psBYAPUre0iY3D0+OVrToMgbUeemKk+poFKDGaaHHPfaWyoOvSF06St3u/Hq8/vVfrmX+HHw2zCuBLTWO01PGQLz6Q5rpQuHUb4LXbNz7bj0dVyjeFzyzn4huR7RZqpOdse8+93yxr8o/ViB1g1RCG80uqEd+2zuxfDG1Fsx+vbrCfR1pfYSFzgRpihOTbRBafoY2QN3ErSyZKkNZEd6XJU9Sf8WLWTZJrTOw/+hvOpU4o2c=
Gz/FKuQ5Bl9/TwbHuSevaX8/DkqNgJlgy4dZHZwc4f8DTqcq2vTAky2jHvDVx0yEyqGZZBk0e7hkcIlV5rlTnY1n8k3P/YmWg3ZE36jmpzNh4vLA4yfOCvCQMANf/nhY4LDC0Gavdtf/owY1x0Xa0yjMN0KcQVjRVCU0nMP1pzu2X+j7q2abdEBletb157mbJEZ2EcjLcmzZLeV7luOivZVqhajsdK9vFu8qtiCmBiAaVPqavgvXFxv+dw20KMiigYNmurZetpprgp8r7ZOVzuTkjg0HtJibXY7ubY0hj4pP11notCvC1CxR7agT8gAEQH/RB4EEAam83eZT6iJw/HJS4v4bVgJeEzxiqh+kPRentivdzR9jI5M7o2I=
7vATVk9Vqo4LW7F8oeVn38rLq2y+cKGkhVMxZ5B4/+6w4V61/y+mCe2H6hAHpIM4hKWwCQUIL4y206QO0QeE+Hl8LgG9U3+HjWpnqQSkSvcQC/iaBDXG5ZOdEXQeGoUzrvdNCvmJDNIf3mdwcv1t/PUGD4r5fLR6MsHk1tRVxi5uXgPvW5ZKZKSa8lQNQUbD9nAAwPKRHbexHsKKV4dEbcZyqU5o4iAuOTeaZcp0sOZQsxWNQbYvY8poaLoXcmUyXSxb4sN0wKuilWnX3HZb7K+HnI5zzOVaH/VlL2rfcIHT8sv2tO0fBA7z+S6crzKLpynokUEusE6xkpa9yQHxdDm2MImeC4+9XPKKBkLoEZSxNI1Kd6GtrhvNGxKr7YdpynHZkyRndL/2/QyjUw==
EFiPNh7O1jK0vdWo1nT3PVA8ocfaY6WAOUDaG/nnJyiXPMbboqvUmX6W+T106p5zSVJlfrNmIDJJkyrjC1N51YIbExch6CeU5HnEXF+d9XBiNl+tRpR0ErCF02Tg1lRCckb6BZ5pmwHm02s/Yj38nmf0YIsQj5DndNqPL391wm0YLfcMs4pkB1rwGd3BtTBUZmf0wXpy3S/lfZr5urOhGLW+8F7HUfLNStAMXD5OToYqrMJBH8lfvLfLeHKQbHUxFuxqtB7kz2A/jYEpbWBwdh77uz4QBdkMbusBuxcE+yXpfiiBKmpI8w1Ov4i46pQtgbF9zkn3eB+mFab4qLIGYBIoRzwqoDdeTIrznkU5s6Q7q/EVaz2XOaNk
6TqD67adMVD1zimVp6dWgqICD28adnpdb5oJScb6zlIUILI+L7LV9EmgYWdPkbVOUz1znARdT0nSASHT/PfMH74tZKM7
2pqSEEXNBZSLLfBI2muhKXJIo5j2Walj3B7BQKFnm9gUCLqigLg+vqMqQZeyzOfH8znhnifFP1xIZXsZBmnds+Df+C+qNWijNw==
gqZAjNQd0FDlwoZNvTGgLqMCD28adnpdb5oJScb6zlIUILI+L7LV9EmgYWdPkbVOUz1zmwFdTknSASHT/PfMH74tZKM7
/5DwPJR8tYEO2FSWYkc0MHJIo5j2Walj3B7BQKFmm9gUCLqigLg+vqMqQZeyzOfH8znhnifFP1tNZXoZBmnds+Df+C+qNWijNw==
1bSzvfiUyA/W9zHhmRWG4qACD28adnpdb5oJScb6zlIUILI+L7LV9EmgYWdPkbVOUz1zmQFdTknSASHT/PfMH74tZKM7
ejIDTHa02n8Ci5C1bj5bnnJIo5j2Walj3B7BQKFlm9gUCLqigLg+vqMqQZeyzOfH8znhnifFP1lNZXoZBmnds+Df+C+qNWijNw==
phCaHNHAvsoORBF9XE+TOqECD28adnpdb5oJScb6zlIUILI+L7LV9EmgYWdPkbVOUz1znwFdTknSASHT/PfMH74tZKM7
+l49sLwfAcwhnmWpE1bwhHJIo5j2Walj3B7BQKFkm9gUCLqigLg+vqMqQZeyzOfH8znhnifFP19NZXoZBmnds+Df+C+qNWijNw==
pJbQvD+UDS98F0mB6cJVPqYCD28adnpdb5oJScb6zlIUILI+L7LV9EmgYWdPkbVOUz1zngFdTknSASHT/PfMH74tZKM7
xXgxlE+6UF6Xl+bU7gFtwHJIo5j2Walj3B7BQKFjm9gUCLqigLg+vqMqQZeyzOfH8znhnifFP15NZXoZBmnds+Df+C+qNWijNw==
w6rR72K6w0gdu+JlR5wiBKcCD28adnpdb5oJScb6zlIUILI+L7LV9EmgYWdPkbVOUz1znAFdTknSASHT/PfMH74tZKM7
S433dWGekU7WeYUVjK92InJIo5j2Walj3B7BQKFim9gUCLqigLg+vqMqQZeyzOfH8znhnifFP1xNZXoZBmnds+Df+C+qNWijNw==
LHvcTDtaFbFpDyOzx3IS1KQCD28adnpdb5oJScb6zlIUILI+L7LV9EmgYWdPkbVOUz1zkgFdTknSASHT/PfMH74tZKM7
BQvPULVSeK9N1+LC7zI6hnJIo5j2Walj3B7BQKFhm9gUCLqigLg+vqMqQZeyzOfH8znhnifFP1JNZXoZBmnds+Df+C+qNWijNw==
WtE+kcUQPCP+eme0nVCSt6UCD28adnpdb5oJScb6zlIUILI+L7LV9EmgYWdPkbVOUz1zmQBdTknSASHT/PfMH74tZKM7
8LCaWM3I/JHOrMV1WczUWHJIo5j2Walj3B7BQKFgm9gUCLqigLg+vqMqQZeyzOfH8znhnifFP1lMZXoZBmnds+Df+C+qNWijNw==
KfsvTkS4rNWzBT4Gvk0egaoCD28adnpdb5oJScb6zlIUILI+L7LV9EmgYWdPkbVOUz1znwBdTknSASHT/PfMH74tZKM7
PAP8cBxiILFbkj2oY51IgHJIo5j2Walj3B7BQKFvm9gUCLqigLg+vqMqQZeyzOfH8znhnifFP19MZXoZBmnds+Df+C+qNWijNw==
2Ob0/Fv1hj+v1EYaK+D28KsCD28adnpdb5oJScb6zlIUILI+L7LV9EmgYWdPkbVOUz1znABdTknSASHT/PfMH74tZKM7
ETyio32JP5j3oiaB99KHpXJIo5j2Walj3B7BQKFum9gUCLqigLg+vqMqQZeyzOfH8znhnifFP1xMZXoZBmnds+Df+C+qNWijNw==
zFNlorESRGojlcg5lOYjoQ/s0F6faYAXgTiwMGHtpCs260JTHgyU6NhuugifNH+gWnwPQoMTS0M1JQs42/fJyRuhL2WjOA==
rEfPRnjzT6BhtLZeDP/Prk09y4BfsXEuGi5DFjGevPIwTyaHhmfa356ADGR7zSb+/9gnDOow1w5DX5MPBQlT1Lsb0eUrrTdpozQ=
T2zPq6fgJOKSNSXMVHwazQ7s0F6faYAXgTiwMGHtpCs260JTHgyU6NhuugifNH+gWnwPQosQS0M1JQs42/fJyRuhL2WjOA==
ODlBJuprtHVlZy6bMqUwqk09y4BfsXEuGi5DFjGfvPIwTyaHhmfa356ADGR7zSb+/9gnDOow1w5LXJMPBQlT1Lsb0eUrrTdpozQ=
S5eYtjMXzyo7adS4+nsnGg3s0F6faYAXgTiwMGHtpCs260JTHgyU6NhuugifNH+gWnwPQooQS0M1JQs42/fJyRuhL2WjOA==
efJZU0bUqRgaimdJyQcpzE09y4BfsXEuGi5DFjGcvPIwTyaHhmfa356ADGR7zSb+/9gnDOow1w5KXJMPBQlT1Lsb0eUrrTdpozQ=
jrnCJZhCFTTkyep2ZcrUwwzs0F6faYAXgTiwMGHtpCs260JTHgyU6NhuugifNH+gWnwPQogQS0M1JQs42/fJyRuhL2WjOA==
/LDS6Zb1MFl3Y/ewO1RTik09y4BfsXEuGi5DFjGdvPIwTyaHhmfa356ADGR7zSb+/9gnDOow1w5IXJMPBQlT1Lsb0eUrrTdpozQ=
WcsERq6HzijrM/B7LGcdlAvs0F6faYAXgTiwMGHtpCs260JTHgyU6NhuugifNH+gWnwPQo4QS0M1JQs42/fJyRuhL2WjOA==
u/QFz4E4tEBuUb5jfJbAWE09y4BfsXEuGi5DFjGavPIwTyaHhmfa356ADGR7zSb+/9gnDOow1w5OXJMPBQlT1Lsb0eUrrTdpozQ=
IzZC/D/S8eY4sdLOWg9Vbgrs0F6faYAXgTiwMGHtpCs260JTHgyU6NhuugifNH+gWnwPQowQS0M1JQs42/fJyRuhL2WjOA==
0DuccSJNHSWjwDg/6E300k09y4BfsXEuGi5DFjGbvPIwTyaHhmfa356ADGR7zSb+/9gnDOow1w5MXJMPBQlT1Lsb0eUrrTdpozQ=
lL2D1bT9eaZ07bDgo3FW2Ans0F6faYAXgTiwMGHtpCs260JTHgyU6NhuugifNH+gWnwPQoIQS0M1JQs42/fJyRuhL2WjOA==
a4mq2c/Euwl+XLvG+fSUmk09y4BfsXEuGi5DFjGYvPIwTyaHhmfa356ADGR7zSb+/9gnDOow1w5CXJMPBQlT1Lsb0eUrrTdpozQ=
28SroOURjgVdE2ZjGLE21gjs0F6faYAXgTiwMGHtpCs260JTHgyU6NhuugifNH+gWnwPQogRS0M1JQs42/fJyRuhL2WjOA==
SKNZQBy/oVMmO7ZVqjFcw009y4BfsXEuGi5DFjGZvPIwTyaHhmfa356ADGR7zSb+/9gnDOow1w5IXZMPBQlT1Lsb0eUrrTdpozQ=
kVgwVKPTcbQVHpXjmmY4yQfs0F6faYAXgTiwMGHtpCs260JTHgyU6NhuugifNH+gWnwPQo4RS0M1JQs42/fJyRuhL2WjOA==
MN0SAiDxRq6mS20/d0l/Zk09y4BfsXEuGi5DFjGWvPIwTyaHhmfa356ADGR7zSb+/9gnDOow1w5OXZMPBQlT1Lsb0eUrrTdpozQ=
eOaLOFEw66sod6EVAzbkIwbs0F6faYAXgTiwMGHtpCs260JTHgyU6NhuugifNH+gWnwPQo0RS0M1JQs42/fJyRuhL2WjOA==
ooV/RuamHHMLtQo67J/kJ009y4BfsXEuGi5DFjGXvPIwTyaHhmfa356ADGR7zSb+/9gnDOow1w5NXZMPBQlT1Lsb0eUrrTdpozQ=
pyQcvzi0gtYUkpvV17aO2Q/v0F6faYAXgTiwMGHtpCs260JTHgyU6NhuugifNH+gWnwPQoIRS0M1JQs42/fJyRuhL2WjOA==
FTrSKUsSl6B/tcwzcGEpWk09y4BfsXEuGi5DFjGev/IwTyaHhmfa356ADGR7zSb+/9gnDOow1w5CXZMPBQlT1Lsb0eUrrTdpozQ=
a6vg6rN0xtBS8xU1xVN5VQ7v0F6faYAXgTiwMGHtpCs260JTHgyU6NhuugifNH+gWnwPQokWS0M1JQs42/fJyRuhL2WjOA==
HHF6O+6A8X0Vivc5+I8gDU09y4BfsXEuGi5DFjGfv/IwTyaHhmfa356ADGR7zSb+/9gnDOow1w5JWpMPBQlT1Lsb0eUrrTdpozQ=
iF6l6bBELi8aXuGuAxSP+Q3v0F6faYAXgTiwMGHtpCs260JTHgyU6NhuugifNH+gWnwPQo0WS0M1JQs42/fJyRuhL2WjOA==
OicUO06m8WumHO4kbjBKNE09y4BfsXEuGi5DFjGcv/IwTyaHhmfa356ADGR7zSb+/9gnDOow1w5NWpMPBQlT1Lsb0eUrrTdpozQ=
